# JRE version: Java(TM) SE Runtime Environment (8.0_271-b09) (build 1.8.0_271-b09)
# Java VM: Java HotSpot(TM) 64-Bit Server VM (25.271-b09 mixed mode windows-amd64 compressed oops)
Heap:
 PSYoungGen      total 2013184K, used 486894K [0x0000000740780000, 0x00000007c0000000, 0x00000007c0000000)
  eden space 1951232K, 22% used [0x0000000740780000,0x000000075ac8a5e8,0x00000007b7900000)
  from space 61952K, 89% used [0x00000007bc380000,0x00000007bf9f1398,0x00000007c0000000)
  to   space 69120K, 0% used [0x00000007b7900000,0x00000007b7900000,0x00000007bbc80000)
 ParOldGen       total 244736K, used 101895K [0x0000000641600000, 0x0000000650500000, 0x0000000740780000)
  object space 244736K, 41% used [0x0000000641600000,0x0000000647981fa8,0x0000000650500000)
 Metaspace       used 86438K, capacity 95446K, committed 113920K, reserved 1148928K
  class space    used 10967K, capacity 12026K, committed 15360K, reserved 1048576K
GC Heap History (10 events):
Event: 182.656 GC heap before
{Heap before GC invocations=24 (full 4):
 PSYoungGen      total 1320448K, used 1320419K [0x0000000740780000, 0x00000007a4800000, 0x00000007c0000000)
  eden space 1285120K, 100% used [0x0000000740780000,0x000000078ee80000,0x000000078ee80000)
  from space 35328K, 99% used [0x000000078ee80000,0x00000007910f8fc8,0x0000000791100000)
  to   space 41472K, 0% used [0x00000007a1f80000,0x00000007a1f80000,0x00000007a4800000)
 ParOldGen       total 244736K, used 94328K [0x0000000641600000, 0x0000000650500000, 0x0000000740780000)
  object space 244736K, 38% used [0x0000000641600000,0x000000064721e038,0x0000000650500000)
 Metaspace       used 85769K, capacity 94888K, committed 113408K, reserved 1146880K
  class space    used 10961K, capacity 12021K, committed 15360K, reserved 1048576K
Event: 182.727 GC heap after
Heap after GC invocations=24 (full 4):
 PSYoungGen      total 1568256K, used 40710K [0x0000000740780000, 0x00000007a4780000, 0x00000007c0000000)
  eden space 1527296K, 0% used [0x0000000740780000,0x0000000740780000,0x000000079db00000)
  from space 40960K, 99% used [0x00000007a1f80000,0x00000007a4741978,0x00000007a4780000)
  to   space 47616K, 0% used [0x000000079ea80000,0x000000079ea80000,0x00000007a1900000)
 ParOldGen       total 244736K, used 100871K [0x0000000641600000, 0x0000000650500000, 0x0000000740780000)
  object space 244736K, 41% used [0x0000000641600000,0x0000000647881f48,0x0000000650500000)
 Metaspace       used 85769K, capacity 94888K, committed 113408K, reserved 1146880K
  class space    used 10961K, capacity 12021K, committed 15360K, reserved 1048576K
}
Event: 218.648 GC heap before
{Heap before GC invocations=25 (full 4):
 PSYoungGen      total 1568256K, used 1568006K [0x0000000740780000, 0x00000007a4780000, 0x00000007c0000000)
  eden space 1527296K, 100% used [0x0000000740780000,0x000000079db00000,0x000000079db00000)
  from space 40960K, 99% used [0x00000007a1f80000,0x00000007a4741978,0x00000007a4780000)
  to   space 47616K, 0% used [0x000000079ea80000,0x000000079ea80000,0x00000007a1900000)
 ParOldGen       total 244736K, used 100871K [0x0000000641600000, 0x0000000650500000, 0x0000000740780000)
  object space 244736K, 41% used [0x0000000641600000,0x0000000647881f48,0x0000000650500000)
 Metaspace       used 86036K, capacity 95106K, committed 113664K, reserved 1146880K
  class space    used 10963K, capacity 12024K, committed 15360K, reserved 1048576K
Event: 218.869 GC heap after
Heap after GC invocations=25 (full 4):
 PSYoungGen      total 1590784K, used 36301K [0x0000000740780000, 0x00000007b4a00000, 0x00000007c0000000)
  eden space 1543168K, 0% used [0x0000000740780000,0x0000000740780000,0x000000079ea80000)
  from space 47616K, 76% used [0x000000079ea80000,0x00000007a0df37f8,0x00000007a1900000)
  to   space 50688K, 0% used [0x00000007b1880000,0x00000007b1880000,0x00000007b4a00000)
 ParOldGen       total 244736K, used 100879K [0x0000000641600000, 0x0000000650500000, 0x0000000740780000)
  object space 244736K, 41% used [0x0000000641600000,0x0000000647883f48,0x0000000650500000)
 Metaspace       used 86036K, capacity 95106K, committed 113664K, reserved 1146880K
  class space    used 10963K, capacity 12024K, committed 15360K, reserved 1048576K
}
Event: 254.590 GC heap before
{Heap before GC invocations=26 (full 4):
 PSYoungGen      total 1590784K, used 1579469K [0x0000000740780000, 0x00000007b4a00000, 0x00000007c0000000)
  eden space 1543168K, 100% used [0x0000000740780000,0x000000079ea80000,0x000000079ea80000)
  from space 47616K, 76% used [0x000000079ea80000,0x00000007a0df37f8,0x00000007a1900000)
  to   space 50688K, 0% used [0x00000007b1880000,0x00000007b1880000,0x00000007b4a00000)
 ParOldGen       total 244736K, used 100879K [0x0000000641600000, 0x0000000650500000, 0x0000000740780000)
  object space 244736K, 41% used [0x0000000641600000,0x0000000647883f48,0x0000000650500000)
 Metaspace       used 86136K, capacity 95238K, committed 113664K, reserved 1146880K
  class space    used 10964K, capacity 12026K, committed 15360K, reserved 1048576K
Event: 254.717 GC heap after
Heap after GC invocations=26 (full 4):
 PSYoungGen      total 1847296K, used 40654K [0x0000000740780000, 0x00000007b4c00000, 0x00000007c0000000)
  eden space 1796608K, 0% used [0x0000000740780000,0x0000000740780000,0x00000007ae200000)
  from space 50688K, 80% used [0x00000007b1880000,0x00000007b40338d0,0x00000007b4a00000)
  to   space 54272K, 0% used [0x00000007ae200000,0x00000007ae200000,0x00000007b1700000)
 ParOldGen       total 244736K, used 100887K [0x0000000641600000, 0x0000000650500000, 0x0000000740780000)
  object space 244736K, 41% used [0x0000000641600000,0x0000000647885f48,0x0000000650500000)
 Metaspace       used 86136K, capacity 95238K, committed 113664K, reserved 1146880K
  class space    used 10964K, capacity 12026K, committed 15360K, reserved 1048576K
}
Event: 293.763 GC heap before
{Heap before GC invocations=27 (full 4):
 PSYoungGen      total 1847296K, used 1837262K [0x0000000740780000, 0x00000007b4c00000, 0x00000007c0000000)
  eden space 1796608K, 100% used [0x0000000740780000,0x00000007ae200000,0x00000007ae200000)
  from space 50688K, 80% used [0x00000007b1880000,0x00000007b40338d0,0x00000007b4a00000)
  to   space 54272K, 0% used [0x00000007ae200000,0x00000007ae200000,0x00000007b1700000)
 ParOldGen       total 244736K, used 100887K [0x0000000641600000, 0x0000000650500000, 0x0000000740780000)
  object space 244736K, 41% used [0x0000000641600000,0x0000000647885f48,0x0000000650500000)
 Metaspace       used 86253K, capacity 95310K, committed 113920K, reserved 1148928K
  class space    used 10965K, capacity 12026K, committed 15360K, reserved 1048576K
Event: 294.652 GC heap after
Heap after GC invocations=27 (full 4):
 PSYoungGen      total 1850880K, used 52762K [0x0000000740780000, 0x00000007c0000000, 0x00000007c0000000)
  eden space 1796608K, 0% used [0x0000000740780000,0x0000000740780000,0x00000007ae200000)
  from space 54272K, 97% used [0x00000007ae200000,0x00000007b1586a88,0x00000007b1700000)
  to   space 61952K, 0% used [0x00000007bc380000,0x00000007bc380000,0x00000007c0000000)
 ParOldGen       total 244736K, used 100895K [0x0000000641600000, 0x0000000650500000, 0x0000000740780000)
  object space 244736K, 41% used [0x0000000641600000,0x0000000647887f48,0x0000000650500000)
 Metaspace       used 86253K, capacity 95310K, committed 113920K, reserved 1148928K
  class space    used 10965K, capacity 12026K, committed 15360K, reserved 1048576K
}
Event: 335.655 GC heap before
{Heap before GC invocations=28 (full 4):
 PSYoungGen      total 1850880K, used 1849370K [0x0000000740780000, 0x00000007c0000000, 0x00000007c0000000)
  eden space 1796608K, 100% used [0x0000000740780000,0x00000007ae200000,0x00000007ae200000)
  from space 54272K, 97% used [0x00000007ae200000,0x00000007b1586a88,0x00000007b1700000)
  to   space 61952K, 0% used [0x00000007bc380000,0x00000007bc380000,0x00000007c0000000)
 ParOldGen       total 244736K, used 100895K [0x0000000641600000, 0x0000000650500000, 0x0000000740780000)
  object space 244736K, 41% used [0x0000000641600000,0x0000000647887fa8,0x0000000650500000)
 Metaspace       used 86401K, capacity 95438K, committed 113920K, reserved 1148928K
  class space    used 10966K, capacity 12026K, committed 15360K, reserved 1048576K
Event: 335.759 GC heap after
Heap after GC invocations=28 (full 4):
 PSYoungGen      total 2013184K, used 55748K [0x0000000740780000, 0x00000007c0000000, 0x00000007c0000000)
  eden space 1951232K, 0% used [0x0000000740780000,0x0000000740780000,0x00000007b7900000)
  from space 61952K, 89% used [0x00000007bc380000,0x00000007bf9f1398,0x00000007c0000000)
  to   space 69120K, 0% used [0x00000007b7900000,0x00000007b7900000,0x00000007bbc80000)
 ParOldGen       total 244736K, used 101895K [0x0000000641600000, 0x0000000650500000, 0x0000000740780000)
  object space 244736K, 41% used [0x0000000641600000,0x0000000647981fa8,0x0000000650500000)
 Metaspace       used 86401K, capacity 95438K, committed 113920K, reserved 1148928K
  class space    used 10966K, capacity 12026K, committed 15360K, reserved 1048576K
}

