# JRE version: Java(TM) SE Runtime Environment (8.0_271-b09) (build 1.8.0_271-b09)
# Java VM: Java HotSpot(TM) 64-Bit Server VM (25.271-b09 mixed mode windows-amd64 compressed oops)
Heap:
 PSYoungGen      total 1060352K, used 114560K [0x0000000740780000, 0x0000000796f80000, 0x00000007c0000000)
  eden space 1026048K, 8% used [0x0000000740780000,0x0000000745dd02b8,0x000000077f180000)
  from space 34304K, 76% used [0x0000000781a00000,0x000000078338fff0,0x0000000783b80000)
  to   space 41472K, 0% used [0x000000077f180000,0x000000077f180000,0x0000000781a00000)
 ParOldGen       total 256000K, used 76451K [0x0000000641600000, 0x0000000651000000, 0x0000000740780000)
  object space 256000K, 29% used [0x0000000641600000,0x00000006460a8e28,0x0000000651000000)
 Metaspace       used 86826K, capacity 96290K, committed 110976K, reserved 1144832K
  class space    used 11154K, capacity 12261K, committed 14976K, reserved 1048576K
GC Heap History (10 events):
Event: 38.381 GC heap before
{Heap before GC invocations=18 (full 3):
 PSYoungGen      total 713216K, used 29067K [0x0000000740780000, 0x000000076f000000, 0x00000007c0000000)
  eden space 694784K, 1% used [0x0000000740780000,0x00000007411e5230,0x000000076ae00000)
  from space 18432K, 99% used [0x000000076d280000,0x000000076e47dc50,0x000000076e480000)
  to   space 33792K, 0% used [0x000000076ae00000,0x000000076ae00000,0x000000076cf00000)
 ParOldGen       total 177664K, used 67141K [0x0000000641600000, 0x000000064c380000, 0x0000000740780000)
  object space 177664K, 37% used [0x0000000641600000,0x0000000645791588,0x000000064c380000)
 Metaspace       used 79985K, capacity 98448K, committed 98600K, reserved 1134592K
  class space    used 11621K, capacity 13874K, committed 13952K, reserved 1048576K
Event: 38.388 GC heap after
Heap after GC invocations=18 (full 3):
 PSYoungGen      total 728576K, used 1121K [0x0000000740780000, 0x0000000783b80000, 0x00000007c0000000)
  eden space 694784K, 0% used [0x0000000740780000,0x0000000740780000,0x000000076ae00000)
  from space 33792K, 3% used [0x000000076ae00000,0x000000076af186b8,0x000000076cf00000)
  to   space 34304K, 0% used [0x0000000781a00000,0x0000000781a00000,0x0000000783b80000)
 ParOldGen       total 177664K, used 84793K [0x0000000641600000, 0x000000064c380000, 0x0000000740780000)
  object space 177664K, 47% used [0x0000000641600000,0x00000006468ce550,0x000000064c380000)
 Metaspace       used 79985K, capacity 98448K, committed 98600K, reserved 1134592K
  class space    used 11621K, capacity 13874K, committed 13952K, reserved 1048576K
}
Event: 38.388 GC heap before
{Heap before GC invocations=19 (full 4):
 PSYoungGen      total 728576K, used 1121K [0x0000000740780000, 0x0000000783b80000, 0x00000007c0000000)
  eden space 694784K, 0% used [0x0000000740780000,0x0000000740780000,0x000000076ae00000)
  from space 33792K, 3% used [0x000000076ae00000,0x000000076af186b8,0x000000076cf00000)
  to   space 34304K, 0% used [0x0000000781a00000,0x0000000781a00000,0x0000000783b80000)
 ParOldGen       total 177664K, used 84793K [0x0000000641600000, 0x000000064c380000, 0x0000000740780000)
  object space 177664K, 47% used [0x0000000641600000,0x00000006468ce550,0x000000064c380000)
 Metaspace       used 79985K, capacity 98448K, committed 98600K, reserved 1134592K
  class space    used 11621K, capacity 13874K, committed 13952K, reserved 1048576K
Event: 38.471 GC heap after
Heap after GC invocations=19 (full 4):
 PSYoungGen      total 728576K, used 0K [0x0000000740780000, 0x0000000783b80000, 0x00000007c0000000)
  eden space 694784K, 0% used [0x0000000740780000,0x0000000740780000,0x000000076ae00000)
  from space 33792K, 0% used [0x000000076ae00000,0x000000076ae00000,0x000000076cf00000)
  to   space 34304K, 0% used [0x0000000781a00000,0x0000000781a00000,0x0000000783b80000)
 ParOldGen       total 256000K, used 62900K [0x0000000641600000, 0x0000000651000000, 0x0000000740780000)
  object space 256000K, 24% used [0x0000000641600000,0x000000064536d348,0x0000000651000000)
 Metaspace       used 73060K, capacity 81298K, committed 98600K, reserved 1134592K
  class space    used 9832K, capacity 10778K, committed 13952K, reserved 1048576K
}
Event: 40.418 GC heap before
{Heap before GC invocations=20 (full 4):
 PSYoungGen      total 728576K, used 694784K [0x0000000740780000, 0x0000000783b80000, 0x00000007c0000000)
  eden space 694784K, 100% used [0x0000000740780000,0x000000076ae00000,0x000000076ae00000)
  from space 33792K, 0% used [0x000000076ae00000,0x000000076ae00000,0x000000076cf00000)
  to   space 34304K, 0% used [0x0000000781a00000,0x0000000781a00000,0x0000000783b80000)
 ParOldGen       total 256000K, used 62900K [0x0000000641600000, 0x0000000651000000, 0x0000000740780000)
  object space 256000K, 24% used [0x0000000641600000,0x000000064536d348,0x0000000651000000)
 Metaspace       used 84907K, capacity 94302K, committed 109696K, reserved 1144832K
  class space    used 11105K, capacity 12184K, committed 14976K, reserved 1048576K
Event: 40.456 GC heap after
Heap after GC invocations=20 (full 4):
 PSYoungGen      total 1065984K, used 23206K [0x0000000740780000, 0x0000000784000000, 0x00000007c0000000)
  eden space 1031680K, 0% used [0x0000000740780000,0x0000000740780000,0x000000077f700000)
  from space 34304K, 67% used [0x0000000781a00000,0x00000007830a9900,0x0000000783b80000)
  to   space 35840K, 0% used [0x000000077f700000,0x000000077f700000,0x0000000781a00000)
 ParOldGen       total 256000K, used 62908K [0x0000000641600000, 0x0000000651000000, 0x0000000740780000)
  object space 256000K, 24% used [0x0000000641600000,0x000000064536f348,0x0000000651000000)
 Metaspace       used 84907K, capacity 94302K, committed 109696K, reserved 1144832K
  class space    used 11105K, capacity 12184K, committed 14976K, reserved 1048576K
}
Event: 47.203 GC heap before
{Heap before GC invocations=21 (full 4):
 PSYoungGen      total 1065984K, used 1054886K [0x0000000740780000, 0x0000000784000000, 0x00000007c0000000)
  eden space 1031680K, 100% used [0x0000000740780000,0x000000077f700000,0x000000077f700000)
  from space 34304K, 67% used [0x0000000781a00000,0x00000007830a9900,0x0000000783b80000)
  to   space 35840K, 0% used [0x000000077f700000,0x000000077f700000,0x0000000781a00000)
 ParOldGen       total 256000K, used 62917K [0x0000000641600000, 0x0000000651000000, 0x0000000740780000)
  object space 256000K, 24% used [0x0000000641600000,0x0000000645371738,0x0000000651000000)
 Metaspace       used 86217K, capacity 95634K, committed 110464K, reserved 1144832K
  class space    used 11139K, capacity 12244K, committed 14976K, reserved 1048576K
Event: 47.290 GC heap after
Heap after GC invocations=21 (full 4):
 PSYoungGen      total 1067520K, used 32110K [0x0000000740780000, 0x0000000784000000, 0x00000007c0000000)
  eden space 1031680K, 0% used [0x0000000740780000,0x0000000740780000,0x000000077f700000)
  from space 35840K, 89% used [0x000000077f700000,0x000000078165b9c0,0x0000000781a00000)
  to   space 34304K, 0% used [0x0000000781a00000,0x0000000781a00000,0x0000000783b80000)
 ParOldGen       total 256000K, used 67732K [0x0000000641600000, 0x0000000651000000, 0x0000000740780000)
  object space 256000K, 26% used [0x0000000641600000,0x0000000645825370,0x0000000651000000)
 Metaspace       used 86217K, capacity 95634K, committed 110464K, reserved 1144832K
  class space    used 11139K, capacity 12244K, committed 14976K, reserved 1048576K
}
Event: 68.193 GC heap before
{Heap before GC invocations=22 (full 4):
 PSYoungGen      total 1067520K, used 1063790K [0x0000000740780000, 0x0000000784000000, 0x00000007c0000000)
  eden space 1031680K, 100% used [0x0000000740780000,0x000000077f700000,0x000000077f700000)
  from space 35840K, 89% used [0x000000077f700000,0x000000078165b9c0,0x0000000781a00000)
  to   space 34304K, 0% used [0x0000000781a00000,0x0000000781a00000,0x0000000783b80000)
 ParOldGen       total 256000K, used 67735K [0x0000000641600000, 0x0000000651000000, 0x0000000740780000)
  object space 256000K, 26% used [0x0000000641600000,0x0000000645825d68,0x0000000651000000)
 Metaspace       used 86794K, capacity 96282K, committed 110976K, reserved 1144832K
  class space    used 11154K, capacity 12261K, committed 14976K, reserved 1048576K
Event: 68.247 GC heap after
Heap after GC invocations=22 (full 4):
 PSYoungGen      total 1060352K, used 26175K [0x0000000740780000, 0x0000000796f80000, 0x00000007c0000000)
  eden space 1026048K, 0% used [0x0000000740780000,0x0000000740780000,0x000000077f180000)
  from space 34304K, 76% used [0x0000000781a00000,0x000000078338fff0,0x0000000783b80000)
  to   space 41472K, 0% used [0x000000077f180000,0x000000077f180000,0x0000000781a00000)
 ParOldGen       total 256000K, used 76451K [0x0000000641600000, 0x0000000651000000, 0x0000000740780000)
  object space 256000K, 29% used [0x0000000641600000,0x00000006460a8e28,0x0000000651000000)
 Metaspace       used 86794K, capacity 96282K, committed 110976K, reserved 1144832K
  class space    used 11154K, capacity 12261K, committed 14976K, reserved 1048576K
}

